<?xml version="1.0" encoding="UTF-8"?>
<testng-results skipped="0" failed="0" ignored="0" total="10" passed="10">
  <reporter-output>
  </reporter-output>
  <suite name="Surefire suite" duration-ms="63462" started-at="2021-10-31T19:38:28Z" finished-at="2021-10-31T19:39:32Z">
    <groups>
    </groups>
    <test name="Surefire test" duration-ms="63462" started-at="2021-10-31T19:38:28Z" finished-at="2021-10-31T19:39:32Z">
      <class name="com.demo.assignments.Aman_Kumar">
        <test-method status="PASS" signature="setUp()[pri:0, instance:com.demo.assignments.Aman_Kumar@7ca48474]" name="setUp" is-config="true" duration-ms="20357" started-at="2021-10-31T19:38:28Z" finished-at="2021-10-31T19:38:49Z">
          <reporter-output>
          </reporter-output>
        </test-method> <!-- setUp -->
        <test-method status="PASS" signature="State()[pri:1, instance:com.demo.assignments.Aman_Kumar@7ca48474]" name="State" duration-ms="3343" started-at="2021-10-31T19:38:49Z" description="Select State" finished-at="2021-10-31T19:38:52Z">
          <reporter-output>
          </reporter-output>
        </test-method> <!-- State -->
        <test-method status="PASS" signature="City()[pri:2, instance:com.demo.assignments.Aman_Kumar@7ca48474]" name="City" duration-ms="3288" started-at="2021-10-31T19:38:52Z" description="Select City" finished-at="2021-10-31T19:38:55Z">
          <reporter-output>
          </reporter-output>
        </test-method> <!-- City -->
        <test-method status="PASS" signature="Hobbies()[pri:3, instance:com.demo.assignments.Aman_Kumar@7ca48474]" name="Hobbies" duration-ms="202" started-at="2021-10-31T19:38:55Z" description="Select Hobbies" finished-at="2021-10-31T19:38:55Z">
          <reporter-output>
          </reporter-output>
        </test-method> <!-- Hobbies -->
        <test-method status="PASS" signature="Text_Field()[pri:4, instance:com.demo.assignments.Aman_Kumar@7ca48474]" name="Text_Field" duration-ms="2548" started-at="2021-10-31T19:38:55Z" description="Filling the first name, last name and Email-id" finished-at="2021-10-31T19:38:58Z">
          <reporter-output>
          </reporter-output>
        </test-method> <!-- Text_Field -->
        <test-method status="PASS" signature="Radio_btn()[pri:5, instance:com.demo.assignments.Aman_Kumar@7ca48474]" name="Radio_btn" duration-ms="2434" started-at="2021-10-31T19:38:58Z" description="Verify the Radio button" finished-at="2021-10-31T19:39:00Z">
          <reporter-output>
          </reporter-output>
        </test-method> <!-- Radio_btn -->
        <test-method status="PASS" signature="Subjects()[pri:6, instance:com.demo.assignments.Aman_Kumar@7ca48474]" name="Subjects" duration-ms="18762" started-at="2021-10-31T19:39:00Z" description="Enter Subjects" finished-at="2021-10-31T19:39:19Z">
          <reporter-output>
          </reporter-output>
        </test-method> <!-- Subjects -->
        <test-method status="PASS" signature="Choose_file()[pri:7, instance:com.demo.assignments.Aman_Kumar@7ca48474]" name="Choose_file" duration-ms="2183" started-at="2021-10-31T19:39:19Z" description="Choose File to upload" finished-at="2021-10-31T19:39:21Z">
          <reporter-output>
          </reporter-output>
        </test-method> <!-- Choose_file -->
        <test-method status="PASS" signature="Phone_no()[pri:8, instance:com.demo.assignments.Aman_Kumar@7ca48474]" name="Phone_no" duration-ms="2160" started-at="2021-10-31T19:39:21Z" description="Enter Phone Number" finished-at="2021-10-31T19:39:23Z">
          <reporter-output>
          </reporter-output>
        </test-method> <!-- Phone_no -->
        <test-method status="PASS" signature="Date_of_Birth()[pri:9, instance:com.demo.assignments.Aman_Kumar@7ca48474]" name="Date_of_Birth" duration-ms="5916" started-at="2021-10-31T19:39:23Z" description="Select date of Birth" finished-at="2021-10-31T19:39:29Z">
          <reporter-output>
          </reporter-output>
        </test-method> <!-- Date_of_Birth -->
        <test-method status="PASS" signature="Submit()[pri:10, instance:com.demo.assignments.Aman_Kumar@7ca48474]" name="Submit" duration-ms="2239" started-at="2021-10-31T19:39:29Z" description="Submit Button" finished-at="2021-10-31T19:39:32Z">
          <reporter-output>
          </reporter-output>
        </test-method> <!-- Submit -->
      </class> <!-- com.demo.assignments.Aman_Kumar -->
    </test> <!-- Surefire test -->
  </suite> <!-- Surefire suite -->
</testng-results>
